<?xml version="1.0" encoding="UTF-8"?>
<!-- Generated by org.testng.reporters.JUnitReportReporter -->
<testsuite hostname="computer41" name="example.NewTest" tests="7" failures="0" timestamp="6 Mar 2019 09:11:28 GMT" time="16.583" errors="0">
  <testcase name="changePasswordchack" time="1.278" classname="example.NewTest"/>
  <testcase name="LoginHistory" time="2.421" classname="example.NewTest"/>
  <testcase name="CheckTitle" time="0.010" classname="example.NewTest"/>
  <testcase name="DashboardLoadpage" time="6.453" classname="example.NewTest"/>
  <testcase name="Myaccounts" time="2.109" classname="example.NewTest"/>
  <testcase name="Login" time="2.697" classname="example.NewTest"/>
  <testcase name="ValidationMessage" time="1.615" classname="example.NewTest"/>
</testsuite> <!-- example.NewTest -->
