<?xml version="1.0" encoding="UTF-8"?>
<!-- Generated by org.testng.reporters.JUnitReportReporter -->
<testsuite hostname="computer41" name="example.NewTest" tests="7" failures="0" timestamp="6 Mar 2019 05:44:03 GMT" time="15.261" errors="0">
  <testcase name="LoginHistory" time="2.210" classname="example.NewTest"/>
  <testcase name="ValidationMessage" time="1.660" classname="example.NewTest"/>
  <testcase name="Login" time="2.570" classname="example.NewTest"/>
  <testcase name="DashboardLoadpage" time="5.442" classname="example.NewTest"/>
  <testcase name="CheckTitle" time="0.016" classname="example.NewTest"/>
  <testcase name="changePasswordchack" time="1.304" classname="example.NewTest"/>
  <testcase name="Myaccounts" time="2.059" classname="example.NewTest"/>
</testsuite> <!-- example.NewTest -->
